// 重构日志: bdaad4dc
// 重构日志: c1223e80
// 重构日志: b7229a23
// 重构日志: b0b65298
// 同步 ID: 7e0299df @ Wed Jul 15 13:31:03 UTC 2026
// 重构日志: 03009cf7
// 重构日志: b1795121
// 重构日志: c1944713
// 同步 ID: ead9bd3c @ Fri Jul 17 11:56:11 UTC 2026
// 同步 ID: c5ed342e @ Sat Jul 18 01:49:26 UTC 2026
// 重构日志: 104ff5c1
// 同步 ID: bb8a9b40 @ Sat Jul 18 11:57:41 UTC 2026
// 重构日志: 16d79778
// 重构日志: 80b4df37
// 重构日志: deb83acf
// 重构日志: 7426c564
// 重构日志: 4176526d
// 同步 ID: 7a356933 @ Sun Jul 19 17:23:17 UTC 2026
// 重构日志: 62d08da7
// 同步 ID: ca5f7aa9 @ Sun Jul 19 21:31:04 UTC 2026
// 重构日志: b8832d27
// 重构日志: bd67903f
// 重构日志: 85c06a1e
// 重构日志: e5fed809
// 重构日志: c6121b95
// 重构日志: 58b01c50
// 重构日志: 02d6e5d7
// 重构日志: ba9e5795
// 同步 ID: ca9e775e @ Fri Jul 24 01:48:39 UTC 2026
// 同步 ID: f78fb144 @ Fri Jul 24 11:22:05 UTC 2026
